<?xml version="1.0" encoding="UTF-8"?>
<testsuite xmlns:xsi="http://www.w3.org/2001/XMLSchema-instance" xsi:noNamespaceSchemaLocation="https://maven.apache.org/surefire/maven-surefire-plugin/xsd/surefire-test-report-3.0.xsd" version="3.0" name="ua.pt.javaeats.SerialCommunicationServiceTest" time="0.042" tests="5" errors="0" skipped="0" failures="0">
  <properties>
[...]
</properties>
  <testcase name="getPortaSerial" classname="ua.pt.javaeats.SerialCommunicationServiceTest" time="0.003"/>
  <testcase name="setUltimoUID" classname="ua.pt.javaeats.SerialCommunicationServiceTest" time="0"/>
  <testcase name="setPortaSerial" classname="ua.pt.javaeats.SerialCommunicationServiceTest" time="0.029"/>
  <testcase name="getUltimoUID" classname="ua.pt.javaeats.SerialCommunicationServiceTest" time="0"/>
  <testcase name="verificarFuncionarioPorUID" classname="ua.pt.javaeats.SerialCommunicationServiceTest" time="0.003">
    <system-out><![CDATA[UID: 123456789
]]></system-out>
  </testcase>
</testsuite>